<?xml version="1.0" encoding="UTF-8"?>
<testsuite name="tests.YandexMarketTests" tests="1" skipped="0" failures="0" errors="0" timestamp="2020-05-24T20:48:39" hostname="Dayanas-MacBook-Pro.local" time="13.565">
  <properties/>
  <testcase name="checkItemCanBeFound()" classname="tests.YandexMarketTests" time="13.565"/>
  <system-out><![CDATA[23:48:39.430 [Test worker] DEBUG com.codeborne.selenide.impl.CiReportUrl - Variable selenide.reportsUrl not found
23:48:39.444 [Test worker] INFO com.codeborne.selenide.impl.WebDriverThreadLocalContainer - No webdriver is bound to current thread: 12 - let's create a new webdriver
23:48:39.447 [Test worker] DEBUG com.codeborne.selenide.webdriver.WebDriverFactory - browser=chrome
23:48:39.447 [Test worker] DEBUG com.codeborne.selenide.webdriver.WebDriverFactory - browser.version=null
23:48:39.448 [Test worker] DEBUG com.codeborne.selenide.webdriver.WebDriverFactory - remote=null
23:48:39.448 [Test worker] DEBUG com.codeborne.selenide.webdriver.WebDriverFactory - browserSize=1366x768
23:48:39.448 [Test worker] DEBUG com.codeborne.selenide.webdriver.WebDriverFactory - startMaximized=false
23:48:39.989 [Test worker] DEBUG io.github.bonigarcia.wdm.Preferences - Preference chrome=83 (valid until 2020-05-25 22:57:06)
23:48:39.990 [Test worker] DEBUG io.github.bonigarcia.wdm.Preferences - Preference chrome83=83.0.4103.39 (valid until 2020-05-25 22:57:06)
23:48:39.990 [Test worker] INFO io.github.bonigarcia.wdm.WebDriverManager - Using chromedriver 83.0.4103.39 (since Google Chrome 83 is installed in your machine)
23:48:40.016 [Test worker] DEBUG io.github.bonigarcia.wdm.WebDriverManager - Driver chromedriver 83.0.4103.39 found in cache
23:48:40.017 [Test worker] INFO io.github.bonigarcia.wdm.WebDriverManager - Exporting webdriver.chrome.driver as /Users/dminibaeva/.m2/repository/webdriver/chromedriver/mac64/83.0.4103.39/chromedriver
23:48:40.053 [Test worker] DEBUG com.codeborne.selenide.webdriver.ChromeDriverFactory - Chrome options: Capabilities {acceptInsecureCerts: true, acceptSslCerts: true, browserName: chrome, pageLoadStrategy: normal}
23:48:42.559 [Test worker] INFO com.codeborne.selenide.webdriver.BrowserResizer - Set browser size to 1366x768
23:48:42.707 [Test worker] INFO com.codeborne.selenide.webdriver.WebDriverFactory - BrowserName=chrome Version=83.0.4103.61 Platform=MAC
23:48:42.708 [Test worker] INFO com.codeborne.selenide.webdriver.WebDriverFactory - Selenide v. 5.11.1
23:48:42.708 [Test worker] INFO com.codeborne.selenide.webdriver.WebDriverFactory - Selenium WebDriver v. 3.141.59 build time: 2018-11-14T08:17:03
23:48:42.708 [Test worker] INFO com.codeborne.selenide.drivercommands.CreateDriverCommand - Create webdriver in current thread 12: ChromeDriver -> ChromeDriver: chrome on MAC (a9126b2b8afc121b447c979689ead167)
23:48:52.509 [Test worker] INFO com.codeborne.selenide.drivercommands.CloseDriverCommand - Close webdriver: 12 -> ChromeDriver: chrome on MAC (a9126b2b8afc121b447c979689ead167)
23:48:52.513 [Thread-6] INFO com.codeborne.selenide.drivercommands.CloseDriverCommand - Trying to close the browser ChromeDriver ...
23:48:52.725 [Test worker] INFO com.codeborne.selenide.drivercommands.CloseDriverCommand - Closed webdriver 12 in 215 ms
]]></system-out>
  <system-err><![CDATA[Starting ChromeDriver 83.0.4103.39 (ccbf011cb2d2b19b506d844400483861342c20cd-refs/branch-heads/4103@{#416}) on port 23704
Only local connections are allowed.
Please see https://chromedriver.chromium.org/security-considerations for suggestions on keeping ChromeDriver safe.
ChromeDriver was started successfully.
May 24, 2020 11:48:42 PM org.openqa.selenium.remote.ProtocolHandshake createSession
INFO: Detected dialect: W3C
]]></system-err>
</testsuite>
