<?xml version="1.0" encoding="UTF-8"?>
<testsuite name="tests.YandexMarketTests" tests="1" skipped="0" failures="0" errors="0" timestamp="2020-05-25T19:05:00" hostname="Dayanas-MacBook-Pro.local" time="16.233">
  <properties/>
  <testcase name="checkItemCanBeFound()" classname="tests.YandexMarketTests" time="16.233"/>
  <system-out><![CDATA[22:05:00.379 [Test worker] DEBUG com.codeborne.selenide.impl.CiReportUrl - Variable selenide.reportsUrl not found
22:05:00.397 [Test worker] INFO com.codeborne.selenide.impl.WebDriverThreadLocalContainer - No webdriver is bound to current thread: 12 - let's create a new webdriver
22:05:00.405 [Test worker] DEBUG com.codeborne.selenide.webdriver.WebDriverFactory - browser=chrome
22:05:00.406 [Test worker] DEBUG com.codeborne.selenide.webdriver.WebDriverFactory - browser.version=null
22:05:00.406 [Test worker] DEBUG com.codeborne.selenide.webdriver.WebDriverFactory - remote=null
22:05:00.407 [Test worker] DEBUG com.codeborne.selenide.webdriver.WebDriverFactory - browserSize=1366x768
22:05:00.407 [Test worker] DEBUG com.codeborne.selenide.webdriver.WebDriverFactory - startMaximized=false
22:05:00.920 [Test worker] DEBUG io.github.bonigarcia.wdm.Preferences - Preference chrome=83 (valid until 2020-05-25 22:57:06)
22:05:00.921 [Test worker] DEBUG io.github.bonigarcia.wdm.Preferences - Preference chrome83=83.0.4103.39 (valid until 2020-05-25 22:57:06)
22:05:00.921 [Test worker] INFO io.github.bonigarcia.wdm.WebDriverManager - Using chromedriver 83.0.4103.39 (since Google Chrome 83 is installed in your machine)
22:05:00.948 [Test worker] DEBUG io.github.bonigarcia.wdm.WebDriverManager - Driver chromedriver 83.0.4103.39 found in cache
22:05:00.949 [Test worker] INFO io.github.bonigarcia.wdm.WebDriverManager - Exporting webdriver.chrome.driver as /Users/dminibaeva/.m2/repository/webdriver/chromedriver/mac64/83.0.4103.39/chromedriver
22:05:00.979 [Test worker] DEBUG com.codeborne.selenide.webdriver.ChromeDriverFactory - Chrome options: Capabilities {acceptInsecureCerts: true, acceptSslCerts: true, browserName: chrome, pageLoadStrategy: normal}
22:05:03.749 [Test worker] INFO com.codeborne.selenide.webdriver.BrowserResizer - Set browser size to 1366x768
22:05:03.905 [Test worker] INFO com.codeborne.selenide.webdriver.WebDriverFactory - BrowserName=chrome Version=83.0.4103.61 Platform=MAC
22:05:03.905 [Test worker] INFO com.codeborne.selenide.webdriver.WebDriverFactory - Selenide v. 5.11.1
22:05:03.906 [Test worker] INFO com.codeborne.selenide.webdriver.WebDriverFactory - Selenium WebDriver v. 3.141.59 build time: 2018-11-14T08:17:03
22:05:03.906 [Test worker] INFO com.codeborne.selenide.drivercommands.CreateDriverCommand - Create webdriver in current thread 12: ChromeDriver -> ChromeDriver: chrome on MAC (8d175e56cf7d05659a30de7862937d90)
22:05:15.980 [Test worker] INFO com.codeborne.selenide.drivercommands.CloseDriverCommand - Close webdriver: 12 -> ChromeDriver: chrome on MAC (8d175e56cf7d05659a30de7862937d90)
22:05:15.983 [Thread-6] INFO com.codeborne.selenide.drivercommands.CloseDriverCommand - Trying to close the browser ChromeDriver ...
22:05:16.257 [Test worker] INFO com.codeborne.selenide.drivercommands.CloseDriverCommand - Closed webdriver 12 in 277 ms
]]></system-out>
  <system-err><![CDATA[Starting ChromeDriver 83.0.4103.39 (ccbf011cb2d2b19b506d844400483861342c20cd-refs/branch-heads/4103@{#416}) on port 15066
Only local connections are allowed.
Please see https://chromedriver.chromium.org/security-considerations for suggestions on keeping ChromeDriver safe.
ChromeDriver was started successfully.
May 25, 2020 10:05:03 PM org.openqa.selenium.remote.ProtocolHandshake createSession
INFO: Detected dialect: W3C
]]></system-err>
</testsuite>
