<?xml version="1.0" encoding="UTF-8"?>
<testsuite name="tests.FacebookTests" tests="1" skipped="1" failures="0" errors="0" timestamp="2020-05-22T09:06:29" hostname="Dayanas-MacBook-Pro.local" time="0.001">
  <properties/>
  <testcase name="successfulLoginWithTestId()" classname="tests.FacebookTests" time="0.001">
    <skipped/>
  </testcase>
  <system-out><![CDATA[]]></system-out>
  <system-err><![CDATA[]]></system-err>
</testsuite>
